{"/home/yonaries/projects/jegool/jegool-backend/src/server.ts": {"path":"/home/yonaries/projects/jegool/jegool-backend/src/server.ts","statementMap":{"0":{"start":{"line":1,"column":0},"end":{"line":1,"column":30}},"1":{"start":{"line":3,"column":12},"end":{"line":3,"column":21}},"2":{"start":{"line":5,"column":23},"end":{"line":5,"column":55}},"3":{"start":{"line":5,"column":30},"end":{"line":5,"column":54}},"4":{"start":{"line":5,"column":13},"end":{"line":5,"column":23}},"5":{"start":{"line":7,"column":0},"end":{"line":9,"column":11}},"6":{"start":{"line":8,"column":4},"end":{"line":8,"column":67}}},"fnMap":{"0":{"name":"(anonymous_1)","decl":{"start":{"line":5,"column":23},"end":{"line":5,"column":26}},"loc":{"start":{"line":5,"column":30},"end":{"line":5,"column":54}}},"1":{"name":"(anonymous_2)","decl":{"start":{"line":7,"column":22},"end":{"line":7,"column":25}},"loc":{"start":{"line":7,"column":27},"end":{"line":9,"column":1}}}},"branchMap":{"0":{"loc":{"start":{"line":5,"column":30},"end":{"line":5,"column":54}},"type":"binary-expr","locations":[{"start":{"line":5,"column":30},"end":{"line":5,"column":46}},{"start":{"line":5,"column":50},"end":{"line":5,"column":54}}]}},"s":{"0":1,"1":1,"2":1,"3":2,"4":1,"5":1,"6":0},"f":{"0":2,"1":0},"b":{"0":[2,2]}}
}
